2023-10-15 15:54:51.832 [INFO    :        topology:line 96  ] - Loading serialized SDF Topology from wasp_sims/peg_modified/RCT/peg_modified_RCT.sdf
2023-10-15 15:54:52.122 [INFO    :      parameters:line 2993] - Attempting to up-convert Electrostatics section from 0.3 to 0.4
2023-10-15 15:54:52.122 [INFO    :      parameters:line 3003] - Successfully up-converted Electrostatics section from 0.3 to 0.4. `method="PME"` is now split into `periodic_potential="Ewald3D-ConductingBoundary"`, `nonperiodic_potential="Coulomb"`, and `exception_potential="Coulomb"`.
2023-10-15 15:54:52.935 [INFO    :       execution:line 38  ] - Initializing simulation 1/1 ("anneal")
2023-10-15 15:54:52.973 [INFO    :          thermo:line 83  ] - Created LangevinMiddleIntegrator for NVT (Canonical) ensemble
2023-10-15 15:54:53.469 [INFO    :       reporters:line 127 ] - Prepared DCDReporter which reports to wasp_sims/peg_modified/RCT/conf3/anneal/anneal_trajectory.dcd
2023-10-15 15:54:53.473 [INFO    :       reporters:line 127 ] - Prepared CheckpointReporter which reports to wasp_sims/peg_modified/RCT/conf3/anneal/anneal_checkpoint.chk
2023-10-15 15:54:53.480 [INFO    :       reporters:line 127 ] - Prepared StateReporter which reports to wasp_sims/peg_modified/RCT/conf3/anneal/anneal_state.xml
2023-10-15 15:54:53.491 [INFO    :       reporters:line 127 ] - Prepared StateDataReporter which reports to wasp_sims/peg_modified/RCT/conf3/anneal/anneal_state_data.csv
2023-10-15 15:54:53.491 [INFO    :     preparation:line 62  ] - Setting positions in Context
2023-10-15 15:54:53.528 [INFO    :       execution:line 52  ] - Performing energy minimization (initial PE = 4063.421704687811 kJ/mol)
2023-10-15 15:54:53.675 [INFO    :       execution:line 54  ] - Energy successfully minimized (final PE = 3120.819653906561 kJ/mol)
2023-10-15 15:54:53.687 [INFO    :       execution:line 57  ] - Saved energy-minimized Simulation Topology at wasp_sims/peg_modified/RCT/conf3/anneal/anneal_topology.pdb
2023-10-15 15:54:53.715 [INFO    :       execution:line 60  ] - Saved serialized Simulation System at wasp_sims/peg_modified/RCT/conf3/anneal/anneal_system.xml
2023-10-15 15:54:53.715 [INFO    :       execution:line 62  ] - Integrating 1 ns OpenMM Simulation for 500000 steps
2023-10-15 15:56:35.483 [INFO    :       execution:line 64  ] - Simulation integration completed successfully
2023-10-15 15:56:35.484 [INFO    :       execution:line 65  ] - 
2023-10-15 15:56:35.492 [INFO    :          anneal:line 91  ] - Transferring coordinates from anneal to "peg_modified" conformer
2023-10-15 15:56:35.869 [INFO    :        topology:line 89  ] - Successfully serialized SDF Topology to wasp_sims/peg_modified/RCT/conf3/peg_modified_conf3.sdf
2023-10-15 15:56:35.870 [INFO    :      IOHandlers:line 95  ] - Process "anneal" completed in 0:01:44.037944

