2023-10-16 02:43:49.248 [INFO    :        topology:line 96  ] - Loading serialized SDF Topology from wasp_sims/paam_modified/RCT/paam_modified_RCT.sdf
2023-10-16 02:43:49.606 [INFO    :      parameters:line 2993] - Attempting to up-convert Electrostatics section from 0.3 to 0.4
2023-10-16 02:43:49.607 [INFO    :      parameters:line 3003] - Successfully up-converted Electrostatics section from 0.3 to 0.4. `method="PME"` is now split into `periodic_potential="Ewald3D-ConductingBoundary"`, `nonperiodic_potential="Coulomb"`, and `exception_potential="Coulomb"`.
2023-10-16 02:43:51.184 [INFO    :       execution:line 38  ] - Initializing simulation 1/1 ("anneal")
2023-10-16 02:43:51.211 [INFO    :          thermo:line 83  ] - Created LangevinMiddleIntegrator for NVT (Canonical) ensemble
2023-10-16 02:43:51.623 [INFO    :       reporters:line 127 ] - Prepared DCDReporter which reports to wasp_sims/paam_modified/RCT/conf4/anneal/anneal_trajectory.dcd
2023-10-16 02:43:51.624 [INFO    :       reporters:line 127 ] - Prepared CheckpointReporter which reports to wasp_sims/paam_modified/RCT/conf4/anneal/anneal_checkpoint.chk
2023-10-16 02:43:51.625 [INFO    :       reporters:line 127 ] - Prepared StateReporter which reports to wasp_sims/paam_modified/RCT/conf4/anneal/anneal_state.xml
2023-10-16 02:43:51.628 [INFO    :       reporters:line 127 ] - Prepared StateDataReporter which reports to wasp_sims/paam_modified/RCT/conf4/anneal/anneal_state_data.csv
2023-10-16 02:43:51.628 [INFO    :     preparation:line 62  ] - Setting positions in Context
2023-10-16 02:43:51.662 [INFO    :       execution:line 52  ] - Performing energy minimization (initial PE = -2666.5915086372643 kJ/mol)
2023-10-16 02:43:51.928 [INFO    :       execution:line 54  ] - Energy successfully minimized (final PE = -4799.235063324764 kJ/mol)
2023-10-16 02:43:51.951 [INFO    :       execution:line 57  ] - Saved energy-minimized Simulation Topology at wasp_sims/paam_modified/RCT/conf4/anneal/anneal_topology.pdb
2023-10-16 02:43:52.002 [INFO    :       execution:line 60  ] - Saved serialized Simulation System at wasp_sims/paam_modified/RCT/conf4/anneal/anneal_system.xml
2023-10-16 02:43:52.002 [INFO    :       execution:line 62  ] - Integrating 1 ns OpenMM Simulation for 500000 steps
2023-10-16 02:45:36.243 [INFO    :       execution:line 64  ] - Simulation integration completed successfully
2023-10-16 02:45:36.244 [INFO    :       execution:line 65  ] - 
2023-10-16 02:45:36.258 [INFO    :          anneal:line 91  ] - Transferring coordinates from anneal to "paam_modified" conformer
2023-10-16 02:45:37.363 [INFO    :        topology:line 89  ] - Successfully serialized SDF Topology to wasp_sims/paam_modified/RCT/conf4/paam_modified_conf4.sdf
2023-10-16 02:45:37.363 [INFO    :      IOHandlers:line 95  ] - Process "anneal" completed in 0:01:48.115428

