2023-10-16 02:37:36.972 [INFO    :        topology:line 96  ] - Loading serialized SDF Topology from wasp_sims/paam_modified/RCT/conf1/paam_modified_solv_water_TIP3P.sdf
2023-10-16 02:37:51.163 [INFO    :      parameters:line 2993] - Attempting to up-convert Electrostatics section from 0.3 to 0.4
2023-10-16 02:37:51.164 [INFO    :      parameters:line 3003] - Successfully up-converted Electrostatics section from 0.3 to 0.4. `method="PME"` is now split into `periodic_potential="Ewald3D-ConductingBoundary"`, `nonperiodic_potential="Coulomb"`, and `exception_potential="Coulomb"`.
2023-10-16 02:39:15.241 [INFO    :       execution:line 38  ] - Initializing simulation 1/2 ("equilibration")
2023-10-16 02:39:15.264 [INFO    :          thermo:line 92  ] - Created MonteCarloBarostat Force(s) for NPT (Isothermal-isobaric) ensemble
2023-10-16 02:39:15.264 [INFO    :     preparation:line 32  ] - Added MonteCarloBarostat Force to System
2023-10-16 02:39:15.266 [INFO    :          thermo:line 83  ] - Created LangevinMiddleIntegrator for NPT (Isothermal-isobaric) ensemble
2023-10-16 02:39:16.039 [INFO    :       reporters:line 127 ] - Prepared DCDReporter which reports to wasp_sims/paam_modified/RCT/conf1/equilibration/equilibration_trajectory.dcd
2023-10-16 02:39:16.040 [INFO    :       reporters:line 127 ] - Prepared CheckpointReporter which reports to wasp_sims/paam_modified/RCT/conf1/equilibration/equilibration_checkpoint.chk
2023-10-16 02:39:16.041 [INFO    :       reporters:line 127 ] - Prepared StateReporter which reports to wasp_sims/paam_modified/RCT/conf1/equilibration/equilibration_state.xml
2023-10-16 02:39:16.043 [INFO    :       reporters:line 127 ] - Prepared StateDataReporter which reports to wasp_sims/paam_modified/RCT/conf1/equilibration/equilibration_state_data.csv
2023-10-16 02:39:16.044 [INFO    :     preparation:line 62  ] - Setting positions in Context
2023-10-16 02:39:16.148 [INFO    :       execution:line 52  ] - Performing energy minimization (initial PE = 605032.5586534347 kJ/mol)
2023-10-16 02:39:47.229 [INFO    :       execution:line 54  ] - Energy successfully minimized (final PE = -716990.4413465653 kJ/mol)
2023-10-16 02:39:47.838 [INFO    :       execution:line 57  ] - Saved energy-minimized Simulation Topology at wasp_sims/paam_modified/RCT/conf1/equilibration/equilibration_topology.pdb
2023-10-16 02:39:48.471 [INFO    :       execution:line 60  ] - Saved serialized Simulation System at wasp_sims/paam_modified/RCT/conf1/equilibration/equilibration_system.xml
2023-10-16 02:39:48.471 [INFO    :       execution:line 62  ] - Integrating 50 ps OpenMM Simulation for 25000 steps
2023-10-16 02:41:49.772 [INFO    :       execution:line 64  ] - Simulation integration completed successfully
2023-10-16 02:41:49.773 [INFO    :       execution:line 65  ] - 
2023-10-16 02:41:49.776 [INFO    :       execution:line 38  ] - Initializing simulation 2/2 ("production")
2023-10-16 02:41:49.813 [INFO    :          thermo:line 83  ] - Created LangevinMiddleIntegrator for NVT (Canonical) ensemble
2023-10-16 02:41:50.391 [INFO    :       reporters:line 127 ] - Prepared DCDReporter which reports to wasp_sims/paam_modified/RCT/conf1/production/production_trajectory.dcd
2023-10-16 02:41:50.393 [INFO    :       reporters:line 127 ] - Prepared CheckpointReporter which reports to wasp_sims/paam_modified/RCT/conf1/production/production_checkpoint.chk
2023-10-16 02:41:50.394 [INFO    :       reporters:line 127 ] - Prepared StateReporter which reports to wasp_sims/paam_modified/RCT/conf1/production/production_state.xml
2023-10-16 02:41:50.399 [INFO    :       reporters:line 127 ] - Prepared StateDataReporter which reports to wasp_sims/paam_modified/RCT/conf1/production/production_state_data.csv
2023-10-16 02:41:50.399 [INFO    :     preparation:line 62  ] - Setting positions in Context
2023-10-16 02:41:50.435 [INFO    :       execution:line 52  ] - Performing energy minimization (initial PE = -579168.4413465653 kJ/mol)
2023-10-16 02:42:10.721 [INFO    :       execution:line 54  ] - Energy successfully minimized (final PE = -728338.4413465653 kJ/mol)
2023-10-16 02:42:11.333 [INFO    :       execution:line 57  ] - Saved energy-minimized Simulation Topology at wasp_sims/paam_modified/RCT/conf1/production/production_topology.pdb
2023-10-16 02:42:11.967 [INFO    :       execution:line 60  ] - Saved serialized Simulation System at wasp_sims/paam_modified/RCT/conf1/production/production_system.xml
2023-10-16 02:42:11.967 [INFO    :       execution:line 62  ] - Integrating 100 ns OpenMM Simulation for 50000000 steps
2023-10-16 12:33:32.464 [INFO    :       execution:line 64  ] - Simulation integration completed successfully
2023-10-16 12:33:32.468 [INFO    :       execution:line 65  ] - 
