2023-10-16 02:14:50.084 [INFO    :        topology:line 96  ] - Loading serialized SDF Topology from wasp_sims/pnipam_modified/RCT/pnipam_modified_RCT.sdf
2023-10-16 02:14:50.420 [INFO    :      parameters:line 2993] - Attempting to up-convert Electrostatics section from 0.3 to 0.4
2023-10-16 02:14:50.420 [INFO    :      parameters:line 3003] - Successfully up-converted Electrostatics section from 0.3 to 0.4. `method="PME"` is now split into `periodic_potential="Ewald3D-ConductingBoundary"`, `nonperiodic_potential="Coulomb"`, and `exception_potential="Coulomb"`.
2023-10-16 02:14:52.618 [INFO    :       execution:line 38  ] - Initializing simulation 1/1 ("anneal")
2023-10-16 02:14:52.644 [INFO    :          thermo:line 83  ] - Created LangevinMiddleIntegrator for NVT (Canonical) ensemble
2023-10-16 02:14:53.034 [INFO    :       reporters:line 127 ] - Prepared DCDReporter which reports to wasp_sims/pnipam_modified/RCT/conf4/anneal/anneal_trajectory.dcd
2023-10-16 02:14:53.035 [INFO    :       reporters:line 127 ] - Prepared CheckpointReporter which reports to wasp_sims/pnipam_modified/RCT/conf4/anneal/anneal_checkpoint.chk
2023-10-16 02:14:53.036 [INFO    :       reporters:line 127 ] - Prepared StateReporter which reports to wasp_sims/pnipam_modified/RCT/conf4/anneal/anneal_state.xml
2023-10-16 02:14:53.038 [INFO    :       reporters:line 127 ] - Prepared StateDataReporter which reports to wasp_sims/pnipam_modified/RCT/conf4/anneal/anneal_state_data.csv
2023-10-16 02:14:53.038 [INFO    :     preparation:line 62  ] - Setting positions in Context
2023-10-16 02:14:53.051 [INFO    :       execution:line 52  ] - Performing energy minimization (initial PE = 1482.7538687177548 kJ/mol)
2023-10-16 02:14:53.425 [INFO    :       execution:line 54  ] - Energy successfully minimized (final PE = -760.9746469072452 kJ/mol)
2023-10-16 02:14:53.437 [INFO    :       execution:line 57  ] - Saved energy-minimized Simulation Topology at wasp_sims/pnipam_modified/RCT/conf4/anneal/anneal_topology.pdb
2023-10-16 02:14:53.486 [INFO    :       execution:line 60  ] - Saved serialized Simulation System at wasp_sims/pnipam_modified/RCT/conf4/anneal/anneal_system.xml
2023-10-16 02:14:53.487 [INFO    :       execution:line 62  ] - Integrating 1 ns OpenMM Simulation for 500000 steps
2023-10-16 02:16:38.534 [INFO    :       execution:line 64  ] - Simulation integration completed successfully
2023-10-16 02:16:38.535 [INFO    :       execution:line 65  ] - 
2023-10-16 02:16:38.551 [INFO    :          anneal:line 91  ] - Transferring coordinates from anneal to "pnipam_modified" conformer
2023-10-16 02:16:38.974 [INFO    :        topology:line 89  ] - Successfully serialized SDF Topology to wasp_sims/pnipam_modified/RCT/conf4/pnipam_modified_conf4.sdf
2023-10-16 02:16:38.974 [INFO    :      IOHandlers:line 95  ] - Process "anneal" completed in 0:01:48.890722

