2023-10-16 02:47:40.602 [INFO    :        topology:line 96  ] - Loading serialized SDF Topology from wasp_sims/paam_modified/RCT/conf3/paam_modified_solv_water_TIP3P.sdf
2023-10-16 02:47:57.314 [INFO    :      parameters:line 2993] - Attempting to up-convert Electrostatics section from 0.3 to 0.4
2023-10-16 02:47:57.315 [INFO    :      parameters:line 3003] - Successfully up-converted Electrostatics section from 0.3 to 0.4. `method="PME"` is now split into `periodic_potential="Ewald3D-ConductingBoundary"`, `nonperiodic_potential="Coulomb"`, and `exception_potential="Coulomb"`.
2023-10-16 02:49:34.822 [INFO    :       execution:line 38  ] - Initializing simulation 1/2 ("equilibration")
2023-10-16 02:49:34.849 [INFO    :          thermo:line 92  ] - Created MonteCarloBarostat Force(s) for NPT (Isothermal-isobaric) ensemble
2023-10-16 02:49:34.849 [INFO    :     preparation:line 32  ] - Added MonteCarloBarostat Force to System
2023-10-16 02:49:34.851 [INFO    :          thermo:line 83  ] - Created LangevinMiddleIntegrator for NPT (Isothermal-isobaric) ensemble
2023-10-16 02:49:35.507 [INFO    :       reporters:line 127 ] - Prepared DCDReporter which reports to wasp_sims/paam_modified/RCT/conf3/equilibration/equilibration_trajectory.dcd
2023-10-16 02:49:35.509 [INFO    :       reporters:line 127 ] - Prepared CheckpointReporter which reports to wasp_sims/paam_modified/RCT/conf3/equilibration/equilibration_checkpoint.chk
2023-10-16 02:49:35.509 [INFO    :       reporters:line 127 ] - Prepared StateReporter which reports to wasp_sims/paam_modified/RCT/conf3/equilibration/equilibration_state.xml
2023-10-16 02:49:35.512 [INFO    :       reporters:line 127 ] - Prepared StateDataReporter which reports to wasp_sims/paam_modified/RCT/conf3/equilibration/equilibration_state_data.csv
2023-10-16 02:49:35.512 [INFO    :     preparation:line 62  ] - Setting positions in Context
2023-10-16 02:49:35.541 [INFO    :       execution:line 52  ] - Performing energy minimization (initial PE = 606578.0586534347 kJ/mol)
2023-10-16 02:50:24.595 [INFO    :       execution:line 54  ] - Energy successfully minimized (final PE = -717584.9413465653 kJ/mol)
2023-10-16 02:50:25.279 [INFO    :       execution:line 57  ] - Saved energy-minimized Simulation Topology at wasp_sims/paam_modified/RCT/conf3/equilibration/equilibration_topology.pdb
2023-10-16 02:50:26.073 [INFO    :       execution:line 60  ] - Saved serialized Simulation System at wasp_sims/paam_modified/RCT/conf3/equilibration/equilibration_system.xml
2023-10-16 02:50:26.074 [INFO    :       execution:line 62  ] - Integrating 50 ps OpenMM Simulation for 25000 steps
2023-10-16 02:52:52.528 [INFO    :       execution:line 64  ] - Simulation integration completed successfully
2023-10-16 02:52:52.529 [INFO    :       execution:line 65  ] - 
2023-10-16 02:52:52.533 [INFO    :       execution:line 38  ] - Initializing simulation 2/2 ("production")
2023-10-16 02:52:52.560 [INFO    :          thermo:line 83  ] - Created LangevinMiddleIntegrator for NVT (Canonical) ensemble
2023-10-16 02:52:53.254 [INFO    :       reporters:line 127 ] - Prepared DCDReporter which reports to wasp_sims/paam_modified/RCT/conf3/production/production_trajectory.dcd
2023-10-16 02:52:53.255 [INFO    :       reporters:line 127 ] - Prepared CheckpointReporter which reports to wasp_sims/paam_modified/RCT/conf3/production/production_checkpoint.chk
2023-10-16 02:52:53.256 [INFO    :       reporters:line 127 ] - Prepared StateReporter which reports to wasp_sims/paam_modified/RCT/conf3/production/production_state.xml
2023-10-16 02:52:53.258 [INFO    :       reporters:line 127 ] - Prepared StateDataReporter which reports to wasp_sims/paam_modified/RCT/conf3/production/production_state_data.csv
2023-10-16 02:52:53.258 [INFO    :     preparation:line 62  ] - Setting positions in Context
2023-10-16 02:52:53.289 [INFO    :       execution:line 52  ] - Performing energy minimization (initial PE = -575165.9413465653 kJ/mol)
2023-10-16 02:53:20.332 [INFO    :       execution:line 54  ] - Energy successfully minimized (final PE = -729026.1913465653 kJ/mol)
2023-10-16 02:53:21.038 [INFO    :       execution:line 57  ] - Saved energy-minimized Simulation Topology at wasp_sims/paam_modified/RCT/conf3/production/production_topology.pdb
2023-10-16 02:53:21.796 [INFO    :       execution:line 60  ] - Saved serialized Simulation System at wasp_sims/paam_modified/RCT/conf3/production/production_system.xml
2023-10-16 02:53:21.796 [INFO    :       execution:line 62  ] - Integrating 100 ns OpenMM Simulation for 50000000 steps
2023-10-16 13:28:25.160 [INFO    :       execution:line 64  ] - Simulation integration completed successfully
2023-10-16 13:28:25.165 [INFO    :       execution:line 65  ] - 
