2023-10-16 02:37:36.972 [INFO    :        topology:line 96  ] - Loading serialized SDF Topology from wasp_sims/paam_modified/RCT/conf2/paam_modified_solv_water_TIP3P.sdf
2023-10-16 02:37:51.118 [INFO    :      parameters:line 2993] - Attempting to up-convert Electrostatics section from 0.3 to 0.4
2023-10-16 02:37:51.118 [INFO    :      parameters:line 3003] - Successfully up-converted Electrostatics section from 0.3 to 0.4. `method="PME"` is now split into `periodic_potential="Ewald3D-ConductingBoundary"`, `nonperiodic_potential="Coulomb"`, and `exception_potential="Coulomb"`.
2023-10-16 02:39:15.381 [INFO    :       execution:line 38  ] - Initializing simulation 1/2 ("equilibration")
2023-10-16 02:39:15.405 [INFO    :          thermo:line 92  ] - Created MonteCarloBarostat Force(s) for NPT (Isothermal-isobaric) ensemble
2023-10-16 02:39:15.406 [INFO    :     preparation:line 32  ] - Added MonteCarloBarostat Force to System
2023-10-16 02:39:15.407 [INFO    :          thermo:line 83  ] - Created LangevinMiddleIntegrator for NPT (Isothermal-isobaric) ensemble
2023-10-16 02:39:16.039 [INFO    :       reporters:line 127 ] - Prepared DCDReporter which reports to wasp_sims/paam_modified/RCT/conf2/equilibration/equilibration_trajectory.dcd
2023-10-16 02:39:16.040 [INFO    :       reporters:line 127 ] - Prepared CheckpointReporter which reports to wasp_sims/paam_modified/RCT/conf2/equilibration/equilibration_checkpoint.chk
2023-10-16 02:39:16.041 [INFO    :       reporters:line 127 ] - Prepared StateReporter which reports to wasp_sims/paam_modified/RCT/conf2/equilibration/equilibration_state.xml
2023-10-16 02:39:16.043 [INFO    :       reporters:line 127 ] - Prepared StateDataReporter which reports to wasp_sims/paam_modified/RCT/conf2/equilibration/equilibration_state_data.csv
2023-10-16 02:39:16.043 [INFO    :     preparation:line 62  ] - Setting positions in Context
2023-10-16 02:39:16.148 [INFO    :       execution:line 52  ] - Performing energy minimization (initial PE = 583590.0586534347 kJ/mol)
2023-10-16 02:39:44.373 [INFO    :       execution:line 54  ] - Energy successfully minimized (final PE = -716750.4413465653 kJ/mol)
2023-10-16 02:39:44.974 [INFO    :       execution:line 57  ] - Saved energy-minimized Simulation Topology at wasp_sims/paam_modified/RCT/conf2/equilibration/equilibration_topology.pdb
2023-10-16 02:39:45.669 [INFO    :       execution:line 60  ] - Saved serialized Simulation System at wasp_sims/paam_modified/RCT/conf2/equilibration/equilibration_system.xml
2023-10-16 02:39:45.670 [INFO    :       execution:line 62  ] - Integrating 50 ps OpenMM Simulation for 25000 steps
2023-10-16 02:41:45.528 [INFO    :       execution:line 64  ] - Simulation integration completed successfully
2023-10-16 02:41:45.529 [INFO    :       execution:line 65  ] - 
2023-10-16 02:41:45.532 [INFO    :       execution:line 38  ] - Initializing simulation 2/2 ("production")
2023-10-16 02:41:45.579 [INFO    :          thermo:line 83  ] - Created LangevinMiddleIntegrator for NVT (Canonical) ensemble
2023-10-16 02:41:46.141 [INFO    :       reporters:line 127 ] - Prepared DCDReporter which reports to wasp_sims/paam_modified/RCT/conf2/production/production_trajectory.dcd
2023-10-16 02:41:46.143 [INFO    :       reporters:line 127 ] - Prepared CheckpointReporter which reports to wasp_sims/paam_modified/RCT/conf2/production/production_checkpoint.chk
2023-10-16 02:41:46.144 [INFO    :       reporters:line 127 ] - Prepared StateReporter which reports to wasp_sims/paam_modified/RCT/conf2/production/production_state.xml
2023-10-16 02:41:46.149 [INFO    :       reporters:line 127 ] - Prepared StateDataReporter which reports to wasp_sims/paam_modified/RCT/conf2/production/production_state_data.csv
2023-10-16 02:41:46.149 [INFO    :     preparation:line 62  ] - Setting positions in Context
2023-10-16 02:41:46.182 [INFO    :       execution:line 52  ] - Performing energy minimization (initial PE = -581208.1913465653 kJ/mol)
2023-10-16 02:42:12.989 [INFO    :       execution:line 54  ] - Energy successfully minimized (final PE = -727987.4413465653 kJ/mol)
2023-10-16 02:42:13.614 [INFO    :       execution:line 57  ] - Saved energy-minimized Simulation Topology at wasp_sims/paam_modified/RCT/conf2/production/production_topology.pdb
2023-10-16 02:42:14.255 [INFO    :       execution:line 60  ] - Saved serialized Simulation System at wasp_sims/paam_modified/RCT/conf2/production/production_system.xml
2023-10-16 02:42:14.256 [INFO    :       execution:line 62  ] - Integrating 100 ns OpenMM Simulation for 50000000 steps
2023-10-16 12:32:01.174 [INFO    :       execution:line 64  ] - Simulation integration completed successfully
2023-10-16 12:32:01.177 [INFO    :       execution:line 65  ] - 
2023-10-16 12:32:19.002 [CRITICAL:      IOHandlers:line 95  ] - Traceback (most recent call last):
  File "/projects/tibe3324/Python/WaSP_simulations/components/simulate.py", line 131, in main
    analyze_trajectory(step_to_analyze, sim_paths, min_rad=args.min_radius, max_rad=args.max_radius, rad_unit=args.radius_unit)
  File "/projects/tibe3324/Python/WaSP_simulations/components/simulate.py", line 97, in analyze_trajectory
    prop_data = mdtrajutils.acquire_time_props(traj_no_solv, time_points=sim_params.integ_params.time_points)
               ^^^^^^^^^^^^^^^^^^^^^^^^^^^^^^^^^^^^^^^^^^^^^^^^^^^^^^^^^^^^^^^^^^^^^^^^^^^^^^^^^^^^^^^^^^^^^
  File "/projects/tibe3324/Python/WaSP_simulations/polysaccharide2/analysis/mdtrajutils.py", line 116, in acquire_time_props
    out_dframe[prop.label] = time_series * prop.unit
    ~~~~~~~~~~^^^^^^^^^^^^
  File "/projects/tibe3324/software/anaconda/envs/openff-polymers/lib/python3.11/site-packages/pandas/core/frame.py", line 4094, in __setitem__
    self._set_item(key, value)
  File "/projects/tibe3324/software/anaconda/envs/openff-polymers/lib/python3.11/site-packages/pandas/core/frame.py", line 4303, in _set_item
    value, refs = self._sanitize_column(value)
                  ^^^^^^^^^^^^^^^^^^^^^^^^^^^^
  File "/projects/tibe3324/software/anaconda/envs/openff-polymers/lib/python3.11/site-packages/pandas/core/frame.py", line 5042, in _sanitize_column
    com.require_length_match(value, self.index)
  File "/projects/tibe3324/software/anaconda/envs/openff-polymers/lib/python3.11/site-packages/pandas/core/common.py", line 561, in require_length_match
    raise ValueError(
ValueError: Length of values (2536) does not match length of index (5000)

