2023-10-16 02:14:13.683 [INFO    :        topology:line 96  ] - Loading serialized SDF Topology from wasp_sims/pnipam_modified/RCT/pnipam_modified_RCT.sdf
2023-10-16 02:14:14.014 [INFO    :      parameters:line 2993] - Attempting to up-convert Electrostatics section from 0.3 to 0.4
2023-10-16 02:14:14.014 [INFO    :      parameters:line 3003] - Successfully up-converted Electrostatics section from 0.3 to 0.4. `method="PME"` is now split into `periodic_potential="Ewald3D-ConductingBoundary"`, `nonperiodic_potential="Coulomb"`, and `exception_potential="Coulomb"`.
2023-10-16 02:14:16.165 [INFO    :       execution:line 38  ] - Initializing simulation 1/1 ("anneal")
2023-10-16 02:14:16.189 [INFO    :          thermo:line 83  ] - Created LangevinMiddleIntegrator for NVT (Canonical) ensemble
2023-10-16 02:14:17.333 [INFO    :       reporters:line 127 ] - Prepared DCDReporter which reports to wasp_sims/pnipam_modified/RCT/conf3/anneal/anneal_trajectory.dcd
2023-10-16 02:14:17.334 [INFO    :       reporters:line 127 ] - Prepared CheckpointReporter which reports to wasp_sims/pnipam_modified/RCT/conf3/anneal/anneal_checkpoint.chk
2023-10-16 02:14:17.335 [INFO    :       reporters:line 127 ] - Prepared StateReporter which reports to wasp_sims/pnipam_modified/RCT/conf3/anneal/anneal_state.xml
2023-10-16 02:14:17.338 [INFO    :       reporters:line 127 ] - Prepared StateDataReporter which reports to wasp_sims/pnipam_modified/RCT/conf3/anneal/anneal_state_data.csv
2023-10-16 02:14:17.338 [INFO    :     preparation:line 62  ] - Setting positions in Context
2023-10-16 02:14:17.351 [INFO    :       execution:line 52  ] - Performing energy minimization (initial PE = 1482.7538687177548 kJ/mol)
2023-10-16 02:14:17.711 [INFO    :       execution:line 54  ] - Energy successfully minimized (final PE = -760.0488656572452 kJ/mol)
2023-10-16 02:14:17.724 [INFO    :       execution:line 57  ] - Saved energy-minimized Simulation Topology at wasp_sims/pnipam_modified/RCT/conf3/anneal/anneal_topology.pdb
2023-10-16 02:14:17.777 [INFO    :       execution:line 60  ] - Saved serialized Simulation System at wasp_sims/pnipam_modified/RCT/conf3/anneal/anneal_system.xml
2023-10-16 02:14:17.777 [INFO    :       execution:line 62  ] - Integrating 1 ns OpenMM Simulation for 500000 steps
2023-10-16 02:15:59.315 [INFO    :       execution:line 64  ] - Simulation integration completed successfully
2023-10-16 02:15:59.316 [INFO    :       execution:line 65  ] - 
2023-10-16 02:15:59.330 [INFO    :          anneal:line 91  ] - Transferring coordinates from anneal to "pnipam_modified" conformer
2023-10-16 02:15:59.729 [INFO    :        topology:line 89  ] - Successfully serialized SDF Topology to wasp_sims/pnipam_modified/RCT/conf3/pnipam_modified_conf3.sdf
2023-10-16 02:15:59.729 [INFO    :      IOHandlers:line 95  ] - Process "anneal" completed in 0:01:46.046904

