2023-10-16 02:20:07.207 [INFO    :        topology:line 96  ] - Loading serialized SDF Topology from wasp_sims/pnipam_modified/RCT/conf3/pnipam_modified_solv_water_TIP3P.sdf
2023-10-16 02:20:22.735 [INFO    :      parameters:line 2993] - Attempting to up-convert Electrostatics section from 0.3 to 0.4
2023-10-16 02:20:22.736 [INFO    :      parameters:line 3003] - Successfully up-converted Electrostatics section from 0.3 to 0.4. `method="PME"` is now split into `periodic_potential="Ewald3D-ConductingBoundary"`, `nonperiodic_potential="Coulomb"`, and `exception_potential="Coulomb"`.
2023-10-16 02:21:49.225 [INFO    :       execution:line 38  ] - Initializing simulation 1/2 ("equilibration")
2023-10-16 02:21:49.248 [INFO    :          thermo:line 92  ] - Created MonteCarloBarostat Force(s) for NPT (Isothermal-isobaric) ensemble
2023-10-16 02:21:49.249 [INFO    :     preparation:line 32  ] - Added MonteCarloBarostat Force to System
2023-10-16 02:21:49.250 [INFO    :          thermo:line 83  ] - Created LangevinMiddleIntegrator for NPT (Isothermal-isobaric) ensemble
2023-10-16 02:21:49.834 [INFO    :       reporters:line 127 ] - Prepared DCDReporter which reports to wasp_sims/pnipam_modified/RCT/conf3/equilibration/equilibration_trajectory.dcd
2023-10-16 02:21:49.836 [INFO    :       reporters:line 127 ] - Prepared CheckpointReporter which reports to wasp_sims/pnipam_modified/RCT/conf3/equilibration/equilibration_checkpoint.chk
2023-10-16 02:21:49.836 [INFO    :       reporters:line 127 ] - Prepared StateReporter which reports to wasp_sims/pnipam_modified/RCT/conf3/equilibration/equilibration_state.xml
2023-10-16 02:21:49.839 [INFO    :       reporters:line 127 ] - Prepared StateDataReporter which reports to wasp_sims/pnipam_modified/RCT/conf3/equilibration/equilibration_state_data.csv
2023-10-16 02:21:49.839 [INFO    :     preparation:line 62  ] - Setting positions in Context
2023-10-16 02:21:49.866 [INFO    :       execution:line 52  ] - Performing energy minimization (initial PE = 618782.0625763983 kJ/mol)
2023-10-16 02:22:16.314 [INFO    :       execution:line 54  ] - Energy successfully minimized (final PE = -712918.6874236017 kJ/mol)
2023-10-16 02:22:16.937 [INFO    :       execution:line 57  ] - Saved energy-minimized Simulation Topology at wasp_sims/pnipam_modified/RCT/conf3/equilibration/equilibration_topology.pdb
2023-10-16 02:22:17.649 [INFO    :       execution:line 60  ] - Saved serialized Simulation System at wasp_sims/pnipam_modified/RCT/conf3/equilibration/equilibration_system.xml
2023-10-16 02:22:17.650 [INFO    :       execution:line 62  ] - Integrating 50 ps OpenMM Simulation for 25000 steps
2023-10-16 02:24:16.692 [INFO    :       execution:line 64  ] - Simulation integration completed successfully
2023-10-16 02:24:16.693 [INFO    :       execution:line 65  ] - 
2023-10-16 02:24:16.696 [INFO    :       execution:line 38  ] - Initializing simulation 2/2 ("production")
2023-10-16 02:24:16.717 [INFO    :          thermo:line 83  ] - Created LangevinMiddleIntegrator for NVT (Canonical) ensemble
2023-10-16 02:24:17.321 [INFO    :       reporters:line 127 ] - Prepared DCDReporter which reports to wasp_sims/pnipam_modified/RCT/conf3/production/production_trajectory.dcd
2023-10-16 02:24:17.324 [INFO    :       reporters:line 127 ] - Prepared CheckpointReporter which reports to wasp_sims/pnipam_modified/RCT/conf3/production/production_checkpoint.chk
2023-10-16 02:24:17.327 [INFO    :       reporters:line 127 ] - Prepared StateReporter which reports to wasp_sims/pnipam_modified/RCT/conf3/production/production_state.xml
2023-10-16 02:24:17.331 [INFO    :       reporters:line 127 ] - Prepared StateDataReporter which reports to wasp_sims/pnipam_modified/RCT/conf3/production/production_state_data.csv
2023-10-16 02:24:17.331 [INFO    :     preparation:line 62  ] - Setting positions in Context
2023-10-16 02:24:17.363 [INFO    :       execution:line 52  ] - Performing energy minimization (initial PE = -571888.6874236017 kJ/mol)
2023-10-16 02:24:34.915 [INFO    :       execution:line 54  ] - Energy successfully minimized (final PE = -724171.4374236017 kJ/mol)
2023-10-16 02:24:36.625 [INFO    :       execution:line 57  ] - Saved energy-minimized Simulation Topology at wasp_sims/pnipam_modified/RCT/conf3/production/production_topology.pdb
2023-10-16 02:24:37.334 [INFO    :       execution:line 60  ] - Saved serialized Simulation System at wasp_sims/pnipam_modified/RCT/conf3/production/production_system.xml
2023-10-16 02:24:37.334 [INFO    :       execution:line 62  ] - Integrating 100 ns OpenMM Simulation for 50000000 steps
2023-10-16 12:04:14.302 [INFO    :       execution:line 64  ] - Simulation integration completed successfully
2023-10-16 12:04:14.305 [INFO    :       execution:line 65  ] - 
