2023-10-15 15:54:36.654 [INFO    :        topology:line 96  ] - Loading serialized SDF Topology from wasp_sims/peg_modified/Espaloma-AM1-BCC/peg_modified_Espaloma-AM1-BCC.sdf
2023-10-15 15:54:36.972 [INFO    :      parameters:line 2993] - Attempting to up-convert Electrostatics section from 0.3 to 0.4
2023-10-15 15:54:36.972 [INFO    :      parameters:line 3003] - Successfully up-converted Electrostatics section from 0.3 to 0.4. `method="PME"` is now split into `periodic_potential="Ewald3D-ConductingBoundary"`, `nonperiodic_potential="Coulomb"`, and `exception_potential="Coulomb"`.
2023-10-15 15:54:37.785 [INFO    :       execution:line 38  ] - Initializing simulation 1/1 ("anneal")
2023-10-15 15:54:37.828 [INFO    :          thermo:line 83  ] - Created LangevinMiddleIntegrator for NVT (Canonical) ensemble
2023-10-15 15:54:38.360 [INFO    :       reporters:line 127 ] - Prepared DCDReporter which reports to wasp_sims/peg_modified/Espaloma-AM1-BCC/conf4/anneal/anneal_trajectory.dcd
2023-10-15 15:54:38.362 [INFO    :       reporters:line 127 ] - Prepared CheckpointReporter which reports to wasp_sims/peg_modified/Espaloma-AM1-BCC/conf4/anneal/anneal_checkpoint.chk
2023-10-15 15:54:38.363 [INFO    :       reporters:line 127 ] - Prepared StateReporter which reports to wasp_sims/peg_modified/Espaloma-AM1-BCC/conf4/anneal/anneal_state.xml
2023-10-15 15:54:38.366 [INFO    :       reporters:line 127 ] - Prepared StateDataReporter which reports to wasp_sims/peg_modified/Espaloma-AM1-BCC/conf4/anneal/anneal_state_data.csv
2023-10-15 15:54:38.366 [INFO    :     preparation:line 62  ] - Setting positions in Context
2023-10-15 15:54:38.398 [INFO    :       execution:line 52  ] - Performing energy minimization (initial PE = 4160.911907825946 kJ/mol)
2023-10-15 15:54:38.743 [INFO    :       execution:line 54  ] - Energy successfully minimized (final PE = 3038.347454700946 kJ/mol)
2023-10-15 15:54:38.754 [INFO    :       execution:line 57  ] - Saved energy-minimized Simulation Topology at wasp_sims/peg_modified/Espaloma-AM1-BCC/conf4/anneal/anneal_topology.pdb
2023-10-15 15:54:38.780 [INFO    :       execution:line 60  ] - Saved serialized Simulation System at wasp_sims/peg_modified/Espaloma-AM1-BCC/conf4/anneal/anneal_system.xml
2023-10-15 15:54:38.781 [INFO    :       execution:line 62  ] - Integrating 1 ns OpenMM Simulation for 500000 steps
2023-10-15 15:56:19.428 [INFO    :       execution:line 64  ] - Simulation integration completed successfully
2023-10-15 15:56:19.429 [INFO    :       execution:line 65  ] - 
2023-10-15 15:56:19.436 [INFO    :          anneal:line 91  ] - Transferring coordinates from anneal to "peg_modified" conformer
2023-10-15 15:56:19.777 [INFO    :        topology:line 89  ] - Successfully serialized SDF Topology to wasp_sims/peg_modified/Espaloma-AM1-BCC/conf4/peg_modified_conf4.sdf
2023-10-15 15:56:19.778 [INFO    :      IOHandlers:line 95  ] - Process "anneal" completed in 0:01:43.123740

