2023-10-16 02:11:52.011 [INFO    :        topology:line 96  ] - Loading serialized SDF Topology from wasp_sims/pnipam_modified/RCT/conf1/pnipam_modified_solv_water_TIP3P.sdf
2023-10-16 02:12:08.730 [INFO    :      parameters:line 2993] - Attempting to up-convert Electrostatics section from 0.3 to 0.4
2023-10-16 02:12:08.731 [INFO    :      parameters:line 3003] - Successfully up-converted Electrostatics section from 0.3 to 0.4. `method="PME"` is now split into `periodic_potential="Ewald3D-ConductingBoundary"`, `nonperiodic_potential="Coulomb"`, and `exception_potential="Coulomb"`.
2023-10-16 02:13:39.855 [INFO    :       execution:line 38  ] - Initializing simulation 1/2 ("equilibration")
2023-10-16 02:13:39.877 [INFO    :          thermo:line 92  ] - Created MonteCarloBarostat Force(s) for NPT (Isothermal-isobaric) ensemble
2023-10-16 02:13:39.877 [INFO    :     preparation:line 32  ] - Added MonteCarloBarostat Force to System
2023-10-16 02:13:39.880 [INFO    :          thermo:line 83  ] - Created LangevinMiddleIntegrator for NPT (Isothermal-isobaric) ensemble
2023-10-16 02:13:40.433 [INFO    :       reporters:line 127 ] - Prepared DCDReporter which reports to wasp_sims/pnipam_modified/RCT/conf1/equilibration/equilibration_trajectory.dcd
2023-10-16 02:13:40.434 [INFO    :       reporters:line 127 ] - Prepared CheckpointReporter which reports to wasp_sims/pnipam_modified/RCT/conf1/equilibration/equilibration_checkpoint.chk
2023-10-16 02:13:40.434 [INFO    :       reporters:line 127 ] - Prepared StateReporter which reports to wasp_sims/pnipam_modified/RCT/conf1/equilibration/equilibration_state.xml
2023-10-16 02:13:40.437 [INFO    :       reporters:line 127 ] - Prepared StateDataReporter which reports to wasp_sims/pnipam_modified/RCT/conf1/equilibration/equilibration_state_data.csv
2023-10-16 02:13:40.437 [INFO    :     preparation:line 62  ] - Setting positions in Context
2023-10-16 02:13:40.463 [INFO    :       execution:line 52  ] - Performing energy minimization (initial PE = 630507.0625763983 kJ/mol)
2023-10-16 02:14:16.822 [INFO    :       execution:line 54  ] - Energy successfully minimized (final PE = -714815.9374236017 kJ/mol)
2023-10-16 02:14:17.368 [INFO    :       execution:line 57  ] - Saved energy-minimized Simulation Topology at wasp_sims/pnipam_modified/RCT/conf1/equilibration/equilibration_topology.pdb
2023-10-16 02:14:18.030 [INFO    :       execution:line 60  ] - Saved serialized Simulation System at wasp_sims/pnipam_modified/RCT/conf1/equilibration/equilibration_system.xml
2023-10-16 02:14:18.031 [INFO    :       execution:line 62  ] - Integrating 50 ps OpenMM Simulation for 25000 steps
2023-10-16 02:16:19.689 [INFO    :       execution:line 64  ] - Simulation integration completed successfully
2023-10-16 02:16:19.691 [INFO    :       execution:line 65  ] - 
2023-10-16 02:16:19.694 [INFO    :       execution:line 38  ] - Initializing simulation 2/2 ("production")
2023-10-16 02:16:19.716 [INFO    :          thermo:line 83  ] - Created LangevinMiddleIntegrator for NVT (Canonical) ensemble
2023-10-16 02:16:20.284 [INFO    :       reporters:line 127 ] - Prepared DCDReporter which reports to wasp_sims/pnipam_modified/RCT/conf1/production/production_trajectory.dcd
2023-10-16 02:16:20.286 [INFO    :       reporters:line 127 ] - Prepared CheckpointReporter which reports to wasp_sims/pnipam_modified/RCT/conf1/production/production_checkpoint.chk
2023-10-16 02:16:20.287 [INFO    :       reporters:line 127 ] - Prepared StateReporter which reports to wasp_sims/pnipam_modified/RCT/conf1/production/production_state.xml
2023-10-16 02:16:20.290 [INFO    :       reporters:line 127 ] - Prepared StateDataReporter which reports to wasp_sims/pnipam_modified/RCT/conf1/production/production_state_data.csv
2023-10-16 02:16:20.290 [INFO    :     preparation:line 62  ] - Setting positions in Context
2023-10-16 02:16:20.315 [INFO    :       execution:line 52  ] - Performing energy minimization (initial PE = -571919.9374236017 kJ/mol)
2023-10-16 02:16:42.835 [INFO    :       execution:line 54  ] - Energy successfully minimized (final PE = -724976.1874236017 kJ/mol)
2023-10-16 02:16:44.568 [INFO    :       execution:line 57  ] - Saved energy-minimized Simulation Topology at wasp_sims/pnipam_modified/RCT/conf1/production/production_topology.pdb
2023-10-16 02:16:45.206 [INFO    :       execution:line 60  ] - Saved serialized Simulation System at wasp_sims/pnipam_modified/RCT/conf1/production/production_system.xml
2023-10-16 02:16:45.207 [INFO    :       execution:line 62  ] - Integrating 100 ns OpenMM Simulation for 50000000 steps
2023-10-16 11:56:40.037 [INFO    :       execution:line 64  ] - Simulation integration completed successfully
2023-10-16 11:56:40.040 [INFO    :       execution:line 65  ] - 
