2023-10-15 15:54:04.006 [INFO    :        topology:line 96  ] - Loading serialized SDF Topology from wasp_sims/pnipam_modified/Espaloma-AM1-BCC/pnipam_modified_Espaloma-AM1-BCC.sdf
2023-10-15 15:54:04.349 [INFO    :      parameters:line 2993] - Attempting to up-convert Electrostatics section from 0.3 to 0.4
2023-10-15 15:54:04.349 [INFO    :      parameters:line 3003] - Successfully up-converted Electrostatics section from 0.3 to 0.4. `method="PME"` is now split into `periodic_potential="Ewald3D-ConductingBoundary"`, `nonperiodic_potential="Coulomb"`, and `exception_potential="Coulomb"`.
2023-10-15 15:54:06.800 [INFO    :       execution:line 38  ] - Initializing simulation 1/1 ("anneal")
2023-10-15 15:54:06.827 [INFO    :          thermo:line 83  ] - Created LangevinMiddleIntegrator for NVT (Canonical) ensemble
2023-10-15 15:54:07.287 [INFO    :       reporters:line 127 ] - Prepared DCDReporter which reports to wasp_sims/pnipam_modified/Espaloma-AM1-BCC/conf2/anneal/anneal_trajectory.dcd
2023-10-15 15:54:07.288 [INFO    :       reporters:line 127 ] - Prepared CheckpointReporter which reports to wasp_sims/pnipam_modified/Espaloma-AM1-BCC/conf2/anneal/anneal_checkpoint.chk
2023-10-15 15:54:07.289 [INFO    :       reporters:line 127 ] - Prepared StateReporter which reports to wasp_sims/pnipam_modified/Espaloma-AM1-BCC/conf2/anneal/anneal_state.xml
2023-10-15 15:54:07.292 [INFO    :       reporters:line 127 ] - Prepared StateDataReporter which reports to wasp_sims/pnipam_modified/Espaloma-AM1-BCC/conf2/anneal/anneal_state_data.csv
2023-10-15 15:54:07.292 [INFO    :     preparation:line 62  ] - Setting positions in Context
2023-10-15 15:54:07.307 [INFO    :       execution:line 52  ] - Performing energy minimization (initial PE = 1327.4429621552335 kJ/mol)
2023-10-15 15:54:07.627 [INFO    :       execution:line 54  ] - Energy successfully minimized (final PE = -1028.5570378447665 kJ/mol)
2023-10-15 15:54:07.643 [INFO    :       execution:line 57  ] - Saved energy-minimized Simulation Topology at wasp_sims/pnipam_modified/Espaloma-AM1-BCC/conf2/anneal/anneal_topology.pdb
2023-10-15 15:54:07.705 [INFO    :       execution:line 60  ] - Saved serialized Simulation System at wasp_sims/pnipam_modified/Espaloma-AM1-BCC/conf2/anneal/anneal_system.xml
2023-10-15 15:54:07.705 [INFO    :       execution:line 62  ] - Integrating 1 ns OpenMM Simulation for 500000 steps
2023-10-15 15:55:50.198 [INFO    :       execution:line 64  ] - Simulation integration completed successfully
2023-10-15 15:55:50.199 [INFO    :       execution:line 65  ] - 
2023-10-15 15:55:50.216 [INFO    :          anneal:line 91  ] - Transferring coordinates from anneal to "pnipam_modified" conformer
2023-10-15 15:55:50.669 [INFO    :        topology:line 89  ] - Successfully serialized SDF Topology to wasp_sims/pnipam_modified/Espaloma-AM1-BCC/conf2/pnipam_modified_conf2.sdf
2023-10-15 15:55:50.670 [INFO    :      IOHandlers:line 95  ] - Process "anneal" completed in 0:01:46.663464

