2023-10-15 16:09:19.720 [INFO    :        topology:line 96  ] - Loading serialized SDF Topology from wasp_sims/pnipam_modified/Espaloma-AM1-BCC/conf2/pnipam_modified_solv_water_TIP3P.sdf
2023-10-15 16:09:36.713 [INFO    :      parameters:line 2993] - Attempting to up-convert Electrostatics section from 0.3 to 0.4
2023-10-15 16:09:36.714 [INFO    :      parameters:line 3003] - Successfully up-converted Electrostatics section from 0.3 to 0.4. `method="PME"` is now split into `periodic_potential="Ewald3D-ConductingBoundary"`, `nonperiodic_potential="Coulomb"`, and `exception_potential="Coulomb"`.
2023-10-15 16:11:15.106 [INFO    :       execution:line 38  ] - Initializing simulation 1/2 ("equilibration")
2023-10-15 16:11:15.420 [INFO    :          thermo:line 92  ] - Created MonteCarloBarostat Force(s) for NPT (Isothermal-isobaric) ensemble
2023-10-15 16:11:15.421 [INFO    :     preparation:line 32  ] - Added MonteCarloBarostat Force to System
2023-10-15 16:11:15.427 [INFO    :          thermo:line 83  ] - Created LangevinMiddleIntegrator for NPT (Isothermal-isobaric) ensemble
2023-10-15 16:11:16.790 [INFO    :       reporters:line 127 ] - Prepared DCDReporter which reports to wasp_sims/pnipam_modified/Espaloma-AM1-BCC/conf2/equilibration/equilibration_trajectory.dcd
2023-10-15 16:11:16.792 [INFO    :       reporters:line 127 ] - Prepared CheckpointReporter which reports to wasp_sims/pnipam_modified/Espaloma-AM1-BCC/conf2/equilibration/equilibration_checkpoint.chk
2023-10-15 16:11:16.794 [INFO    :       reporters:line 127 ] - Prepared StateReporter which reports to wasp_sims/pnipam_modified/Espaloma-AM1-BCC/conf2/equilibration/equilibration_state.xml
2023-10-15 16:11:16.799 [INFO    :       reporters:line 127 ] - Prepared StateDataReporter which reports to wasp_sims/pnipam_modified/Espaloma-AM1-BCC/conf2/equilibration/equilibration_state_data.csv
2023-10-15 16:11:16.799 [INFO    :     preparation:line 62  ] - Setting positions in Context
2023-10-15 16:11:16.864 [INFO    :       execution:line 52  ] - Performing energy minimization (initial PE = 600013.9723729631 kJ/mol)
2023-10-15 16:12:03.838 [INFO    :       execution:line 54  ] - Energy successfully minimized (final PE = -714280.5276270369 kJ/mol)
2023-10-15 16:12:04.621 [INFO    :       execution:line 57  ] - Saved energy-minimized Simulation Topology at wasp_sims/pnipam_modified/Espaloma-AM1-BCC/conf2/equilibration/equilibration_topology.pdb
2023-10-15 16:12:05.446 [INFO    :       execution:line 60  ] - Saved serialized Simulation System at wasp_sims/pnipam_modified/Espaloma-AM1-BCC/conf2/equilibration/equilibration_system.xml
2023-10-15 16:12:05.447 [INFO    :       execution:line 62  ] - Integrating 50 ps OpenMM Simulation for 25000 steps
2023-10-15 16:14:36.405 [INFO    :       execution:line 64  ] - Simulation integration completed successfully
2023-10-15 16:14:36.406 [INFO    :       execution:line 65  ] - 
2023-10-15 16:14:36.409 [INFO    :       execution:line 38  ] - Initializing simulation 2/2 ("production")
2023-10-15 16:14:36.439 [INFO    :          thermo:line 83  ] - Created LangevinMiddleIntegrator for NVT (Canonical) ensemble
2023-10-15 16:14:37.186 [INFO    :       reporters:line 127 ] - Prepared DCDReporter which reports to wasp_sims/pnipam_modified/Espaloma-AM1-BCC/conf2/production/production_trajectory.dcd
2023-10-15 16:14:37.189 [INFO    :       reporters:line 127 ] - Prepared CheckpointReporter which reports to wasp_sims/pnipam_modified/Espaloma-AM1-BCC/conf2/production/production_checkpoint.chk
2023-10-15 16:14:37.190 [INFO    :       reporters:line 127 ] - Prepared StateReporter which reports to wasp_sims/pnipam_modified/Espaloma-AM1-BCC/conf2/production/production_state.xml
2023-10-15 16:14:37.194 [INFO    :       reporters:line 127 ] - Prepared StateDataReporter which reports to wasp_sims/pnipam_modified/Espaloma-AM1-BCC/conf2/production/production_state_data.csv
2023-10-15 16:14:37.195 [INFO    :     preparation:line 62  ] - Setting positions in Context
2023-10-15 16:14:37.233 [INFO    :       execution:line 52  ] - Performing energy minimization (initial PE = -573927.2776270369 kJ/mol)
2023-10-15 16:14:58.701 [INFO    :       execution:line 54  ] - Energy successfully minimized (final PE = -723998.0276270369 kJ/mol)
2023-10-15 16:15:01.037 [INFO    :       execution:line 57  ] - Saved energy-minimized Simulation Topology at wasp_sims/pnipam_modified/Espaloma-AM1-BCC/conf2/production/production_topology.pdb
2023-10-15 16:15:01.812 [INFO    :       execution:line 60  ] - Saved serialized Simulation System at wasp_sims/pnipam_modified/Espaloma-AM1-BCC/conf2/production/production_system.xml
2023-10-15 16:15:01.813 [INFO    :       execution:line 62  ] - Integrating 100 ns OpenMM Simulation for 50000000 steps
2023-10-16 02:40:50.600 [INFO    :       execution:line 64  ] - Simulation integration completed successfully
2023-10-16 02:40:50.602 [INFO    :       execution:line 65  ] - 
