2023-10-16 02:38:24.212 [INFO    :        topology:line 96  ] - Loading serialized SDF Topology from wasp_sims/paam_modified/Espaloma-AM1-BCC/conf1/paam_modified_solv_water_TIP3P.sdf
2023-10-16 02:38:39.477 [INFO    :      parameters:line 2993] - Attempting to up-convert Electrostatics section from 0.3 to 0.4
2023-10-16 02:38:39.479 [INFO    :      parameters:line 3003] - Successfully up-converted Electrostatics section from 0.3 to 0.4. `method="PME"` is now split into `periodic_potential="Ewald3D-ConductingBoundary"`, `nonperiodic_potential="Coulomb"`, and `exception_potential="Coulomb"`.
2023-10-16 02:40:13.750 [INFO    :       execution:line 38  ] - Initializing simulation 1/2 ("equilibration")
2023-10-16 02:40:13.782 [INFO    :          thermo:line 92  ] - Created MonteCarloBarostat Force(s) for NPT (Isothermal-isobaric) ensemble
2023-10-16 02:40:13.783 [INFO    :     preparation:line 32  ] - Added MonteCarloBarostat Force to System
2023-10-16 02:40:13.786 [INFO    :          thermo:line 83  ] - Created LangevinMiddleIntegrator for NPT (Isothermal-isobaric) ensemble
2023-10-16 02:40:14.426 [INFO    :       reporters:line 127 ] - Prepared DCDReporter which reports to wasp_sims/paam_modified/Espaloma-AM1-BCC/conf1/equilibration/equilibration_trajectory.dcd
2023-10-16 02:40:14.427 [INFO    :       reporters:line 127 ] - Prepared CheckpointReporter which reports to wasp_sims/paam_modified/Espaloma-AM1-BCC/conf1/equilibration/equilibration_checkpoint.chk
2023-10-16 02:40:14.428 [INFO    :       reporters:line 127 ] - Prepared StateReporter which reports to wasp_sims/paam_modified/Espaloma-AM1-BCC/conf1/equilibration/equilibration_state.xml
2023-10-16 02:40:14.430 [INFO    :       reporters:line 127 ] - Prepared StateDataReporter which reports to wasp_sims/paam_modified/Espaloma-AM1-BCC/conf1/equilibration/equilibration_state_data.csv
2023-10-16 02:40:14.430 [INFO    :     preparation:line 62  ] - Setting positions in Context
2023-10-16 02:40:14.463 [INFO    :       execution:line 52  ] - Performing energy minimization (initial PE = 619271.860239598 kJ/mol)
2023-10-16 02:41:04.517 [INFO    :       execution:line 54  ] - Energy successfully minimized (final PE = -719629.139760402 kJ/mol)
2023-10-16 02:41:05.261 [INFO    :       execution:line 57  ] - Saved energy-minimized Simulation Topology at wasp_sims/paam_modified/Espaloma-AM1-BCC/conf1/equilibration/equilibration_topology.pdb
2023-10-16 02:41:06.063 [INFO    :       execution:line 60  ] - Saved serialized Simulation System at wasp_sims/paam_modified/Espaloma-AM1-BCC/conf1/equilibration/equilibration_system.xml
2023-10-16 02:41:06.063 [INFO    :       execution:line 62  ] - Integrating 50 ps OpenMM Simulation for 25000 steps
2023-10-16 02:43:32.497 [INFO    :       execution:line 64  ] - Simulation integration completed successfully
2023-10-16 02:43:32.499 [INFO    :       execution:line 65  ] - 
2023-10-16 02:43:32.503 [INFO    :       execution:line 38  ] - Initializing simulation 2/2 ("production")
2023-10-16 02:43:32.527 [INFO    :          thermo:line 83  ] - Created LangevinMiddleIntegrator for NVT (Canonical) ensemble
2023-10-16 02:43:33.350 [INFO    :       reporters:line 127 ] - Prepared DCDReporter which reports to wasp_sims/paam_modified/Espaloma-AM1-BCC/conf1/production/production_trajectory.dcd
2023-10-16 02:43:33.351 [INFO    :       reporters:line 127 ] - Prepared CheckpointReporter which reports to wasp_sims/paam_modified/Espaloma-AM1-BCC/conf1/production/production_checkpoint.chk
2023-10-16 02:43:33.352 [INFO    :       reporters:line 127 ] - Prepared StateReporter which reports to wasp_sims/paam_modified/Espaloma-AM1-BCC/conf1/production/production_state.xml
2023-10-16 02:43:33.355 [INFO    :       reporters:line 127 ] - Prepared StateDataReporter which reports to wasp_sims/paam_modified/Espaloma-AM1-BCC/conf1/production/production_state_data.csv
2023-10-16 02:43:33.355 [INFO    :     preparation:line 62  ] - Setting positions in Context
2023-10-16 02:43:33.388 [INFO    :       execution:line 52  ] - Performing energy minimization (initial PE = -582291.139760402 kJ/mol)
2023-10-16 02:44:06.230 [INFO    :       execution:line 54  ] - Energy successfully minimized (final PE = -729272.139760402 kJ/mol)
2023-10-16 02:44:06.936 [INFO    :       execution:line 57  ] - Saved energy-minimized Simulation Topology at wasp_sims/paam_modified/Espaloma-AM1-BCC/conf1/production/production_topology.pdb
2023-10-16 02:44:07.726 [INFO    :       execution:line 60  ] - Saved serialized Simulation System at wasp_sims/paam_modified/Espaloma-AM1-BCC/conf1/production/production_system.xml
2023-10-16 02:44:07.728 [INFO    :       execution:line 62  ] - Integrating 100 ns OpenMM Simulation for 50000000 steps
2023-10-16 13:17:02.207 [INFO    :       execution:line 64  ] - Simulation integration completed successfully
2023-10-16 13:17:02.210 [INFO    :       execution:line 65  ] - 
