2023-10-15 16:09:31.835 [INFO    :        topology:line 96  ] - Loading serialized SDF Topology from wasp_sims/peg_modified/Espaloma-AM1-BCC/conf1/peg_modified_solv_water_TIP3P.sdf
2023-10-15 16:09:48.480 [INFO    :      parameters:line 2993] - Attempting to up-convert Electrostatics section from 0.3 to 0.4
2023-10-15 16:09:48.482 [INFO    :      parameters:line 3003] - Successfully up-converted Electrostatics section from 0.3 to 0.4. `method="PME"` is now split into `periodic_potential="Ewald3D-ConductingBoundary"`, `nonperiodic_potential="Coulomb"`, and `exception_potential="Coulomb"`.
2023-10-15 16:11:18.285 [INFO    :       execution:line 38  ] - Initializing simulation 1/2 ("equilibration")
2023-10-15 16:11:18.341 [INFO    :          thermo:line 92  ] - Created MonteCarloBarostat Force(s) for NPT (Isothermal-isobaric) ensemble
2023-10-15 16:11:18.341 [INFO    :     preparation:line 32  ] - Added MonteCarloBarostat Force to System
2023-10-15 16:11:18.344 [INFO    :          thermo:line 83  ] - Created LangevinMiddleIntegrator for NPT (Isothermal-isobaric) ensemble
2023-10-15 16:11:19.335 [INFO    :       reporters:line 127 ] - Prepared DCDReporter which reports to wasp_sims/peg_modified/Espaloma-AM1-BCC/conf1/equilibration/equilibration_trajectory.dcd
2023-10-15 16:11:19.339 [INFO    :       reporters:line 127 ] - Prepared CheckpointReporter which reports to wasp_sims/peg_modified/Espaloma-AM1-BCC/conf1/equilibration/equilibration_checkpoint.chk
2023-10-15 16:11:19.346 [INFO    :       reporters:line 127 ] - Prepared StateReporter which reports to wasp_sims/peg_modified/Espaloma-AM1-BCC/conf1/equilibration/equilibration_state.xml
2023-10-15 16:11:19.361 [INFO    :       reporters:line 127 ] - Prepared StateDataReporter which reports to wasp_sims/peg_modified/Espaloma-AM1-BCC/conf1/equilibration/equilibration_state_data.csv
2023-10-15 16:11:19.361 [INFO    :     preparation:line 62  ] - Setting positions in Context
2023-10-15 16:11:19.455 [INFO    :       execution:line 52  ] - Performing energy minimization (initial PE = 557211.6279529748 kJ/mol)
2023-10-15 16:12:34.794 [INFO    :       execution:line 54  ] - Energy successfully minimized (final PE = -709290.6220470248 kJ/mol)
2023-10-15 16:12:35.408 [INFO    :       execution:line 57  ] - Saved energy-minimized Simulation Topology at wasp_sims/peg_modified/Espaloma-AM1-BCC/conf1/equilibration/equilibration_topology.pdb
2023-10-15 16:12:36.512 [INFO    :       execution:line 60  ] - Saved serialized Simulation System at wasp_sims/peg_modified/Espaloma-AM1-BCC/conf1/equilibration/equilibration_system.xml
2023-10-15 16:12:36.512 [INFO    :       execution:line 62  ] - Integrating 50 ps OpenMM Simulation for 25000 steps
2023-10-15 16:14:39.555 [INFO    :       execution:line 64  ] - Simulation integration completed successfully
2023-10-15 16:14:39.556 [INFO    :       execution:line 65  ] - 
2023-10-15 16:14:39.558 [INFO    :       execution:line 38  ] - Initializing simulation 2/2 ("production")
2023-10-15 16:14:39.605 [INFO    :          thermo:line 83  ] - Created LangevinMiddleIntegrator for NVT (Canonical) ensemble
2023-10-15 16:14:40.383 [INFO    :       reporters:line 127 ] - Prepared DCDReporter which reports to wasp_sims/peg_modified/Espaloma-AM1-BCC/conf1/production/production_trajectory.dcd
2023-10-15 16:14:40.384 [INFO    :       reporters:line 127 ] - Prepared CheckpointReporter which reports to wasp_sims/peg_modified/Espaloma-AM1-BCC/conf1/production/production_checkpoint.chk
2023-10-15 16:14:40.385 [INFO    :       reporters:line 127 ] - Prepared StateReporter which reports to wasp_sims/peg_modified/Espaloma-AM1-BCC/conf1/production/production_state.xml
2023-10-15 16:14:40.389 [INFO    :       reporters:line 127 ] - Prepared StateDataReporter which reports to wasp_sims/peg_modified/Espaloma-AM1-BCC/conf1/production/production_state_data.csv
2023-10-15 16:14:40.390 [INFO    :     preparation:line 62  ] - Setting positions in Context
2023-10-15 16:14:40.428 [INFO    :       execution:line 52  ] - Performing energy minimization (initial PE = -576848.1220470248 kJ/mol)
2023-10-15 16:15:05.552 [INFO    :       execution:line 54  ] - Energy successfully minimized (final PE = -719110.8720470248 kJ/mol)
2023-10-15 16:15:06.136 [INFO    :       execution:line 57  ] - Saved energy-minimized Simulation Topology at wasp_sims/peg_modified/Espaloma-AM1-BCC/conf1/production/production_topology.pdb
2023-10-15 16:15:07.046 [INFO    :       execution:line 60  ] - Saved serialized Simulation System at wasp_sims/peg_modified/Espaloma-AM1-BCC/conf1/production/production_system.xml
2023-10-15 16:15:07.047 [INFO    :       execution:line 62  ] - Integrating 100 ns OpenMM Simulation for 50000000 steps
2023-10-16 02:28:14.242 [INFO    :       execution:line 64  ] - Simulation integration completed successfully
2023-10-16 02:28:14.292 [INFO    :       execution:line 65  ] - 
