2023-10-16 02:05:49.087 [INFO    :        topology:line 96  ] - Loading serialized SDF Topology from wasp_sims/pnipam_modified/RCT/pnipam_modified_RCT.sdf
2023-10-16 02:05:49.539 [INFO    :      parameters:line 2993] - Attempting to up-convert Electrostatics section from 0.3 to 0.4
2023-10-16 02:05:49.539 [INFO    :      parameters:line 3003] - Successfully up-converted Electrostatics section from 0.3 to 0.4. `method="PME"` is now split into `periodic_potential="Ewald3D-ConductingBoundary"`, `nonperiodic_potential="Coulomb"`, and `exception_potential="Coulomb"`.
2023-10-16 02:05:52.460 [INFO    :       execution:line 38  ] - Initializing simulation 1/1 ("anneal")
2023-10-16 02:05:52.501 [INFO    :          thermo:line 83  ] - Created LangevinMiddleIntegrator for NVT (Canonical) ensemble
2023-10-16 02:05:53.245 [INFO    :       reporters:line 127 ] - Prepared DCDReporter which reports to wasp_sims/pnipam_modified/RCT/conf2/anneal/anneal_trajectory.dcd
2023-10-16 02:05:53.247 [INFO    :       reporters:line 127 ] - Prepared CheckpointReporter which reports to wasp_sims/pnipam_modified/RCT/conf2/anneal/anneal_checkpoint.chk
2023-10-16 02:05:53.248 [INFO    :       reporters:line 127 ] - Prepared StateReporter which reports to wasp_sims/pnipam_modified/RCT/conf2/anneal/anneal_state.xml
2023-10-16 02:05:53.250 [INFO    :       reporters:line 127 ] - Prepared StateDataReporter which reports to wasp_sims/pnipam_modified/RCT/conf2/anneal/anneal_state_data.csv
2023-10-16 02:05:53.250 [INFO    :     preparation:line 62  ] - Setting positions in Context
2023-10-16 02:05:53.361 [INFO    :       execution:line 52  ] - Performing energy minimization (initial PE = 1482.7538687177548 kJ/mol)
2023-10-16 02:05:53.623 [INFO    :       execution:line 54  ] - Energy successfully minimized (final PE = -645.8789437822452 kJ/mol)
2023-10-16 02:05:53.635 [INFO    :       execution:line 57  ] - Saved energy-minimized Simulation Topology at wasp_sims/pnipam_modified/RCT/conf2/anneal/anneal_topology.pdb
2023-10-16 02:05:53.690 [INFO    :       execution:line 60  ] - Saved serialized Simulation System at wasp_sims/pnipam_modified/RCT/conf2/anneal/anneal_system.xml
2023-10-16 02:05:53.691 [INFO    :       execution:line 62  ] - Integrating 1 ns OpenMM Simulation for 500000 steps
2023-10-16 02:07:38.686 [INFO    :       execution:line 64  ] - Simulation integration completed successfully
2023-10-16 02:07:38.687 [INFO    :       execution:line 65  ] - 
2023-10-16 02:07:38.700 [INFO    :          anneal:line 91  ] - Transferring coordinates from anneal to "pnipam_modified" conformer
2023-10-16 02:07:39.109 [INFO    :        topology:line 89  ] - Successfully serialized SDF Topology to wasp_sims/pnipam_modified/RCT/conf2/pnipam_modified_conf2.sdf
2023-10-16 02:07:39.109 [INFO    :      IOHandlers:line 95  ] - Process "anneal" completed in 0:01:50.022399

