2023-10-15 16:08:43.060 [INFO    :        topology:line 96  ] - Loading serialized SDF Topology from wasp_sims/peg_modified/RCT/peg_modified_RCT.sdf
2023-10-15 16:08:43.357 [INFO    :      parameters:line 2993] - Attempting to up-convert Electrostatics section from 0.3 to 0.4
2023-10-15 16:08:43.357 [INFO    :      parameters:line 3003] - Successfully up-converted Electrostatics section from 0.3 to 0.4. `method="PME"` is now split into `periodic_potential="Ewald3D-ConductingBoundary"`, `nonperiodic_potential="Coulomb"`, and `exception_potential="Coulomb"`.
2023-10-15 16:08:44.204 [INFO    :       execution:line 38  ] - Initializing simulation 1/1 ("anneal")
2023-10-15 16:08:44.258 [INFO    :          thermo:line 83  ] - Created LangevinMiddleIntegrator for NVT (Canonical) ensemble
2023-10-15 16:08:44.818 [INFO    :       reporters:line 127 ] - Prepared DCDReporter which reports to wasp_sims/peg_modified/RCT/conf4/anneal/anneal_trajectory.dcd
2023-10-15 16:08:44.819 [INFO    :       reporters:line 127 ] - Prepared CheckpointReporter which reports to wasp_sims/peg_modified/RCT/conf4/anneal/anneal_checkpoint.chk
2023-10-15 16:08:44.823 [INFO    :       reporters:line 127 ] - Prepared StateReporter which reports to wasp_sims/peg_modified/RCT/conf4/anneal/anneal_state.xml
2023-10-15 16:08:44.841 [INFO    :       reporters:line 127 ] - Prepared StateDataReporter which reports to wasp_sims/peg_modified/RCT/conf4/anneal/anneal_state_data.csv
2023-10-15 16:08:44.841 [INFO    :     preparation:line 62  ] - Setting positions in Context
2023-10-15 16:08:44.922 [INFO    :       execution:line 52  ] - Performing energy minimization (initial PE = 4063.421704687811 kJ/mol)
2023-10-15 16:08:45.079 [INFO    :       execution:line 54  ] - Energy successfully minimized (final PE = 3122.327466406561 kJ/mol)
2023-10-15 16:08:45.089 [INFO    :       execution:line 57  ] - Saved energy-minimized Simulation Topology at wasp_sims/peg_modified/RCT/conf4/anneal/anneal_topology.pdb
2023-10-15 16:08:45.115 [INFO    :       execution:line 60  ] - Saved serialized Simulation System at wasp_sims/peg_modified/RCT/conf4/anneal/anneal_system.xml
2023-10-15 16:08:45.115 [INFO    :       execution:line 62  ] - Integrating 1 ns OpenMM Simulation for 500000 steps
2023-10-15 16:10:25.089 [INFO    :       execution:line 64  ] - Simulation integration completed successfully
2023-10-15 16:10:25.090 [INFO    :       execution:line 65  ] - 
2023-10-15 16:10:25.097 [INFO    :          anneal:line 91  ] - Transferring coordinates from anneal to "peg_modified" conformer
2023-10-15 16:10:25.443 [INFO    :        topology:line 89  ] - Successfully serialized SDF Topology to wasp_sims/peg_modified/RCT/conf4/peg_modified_conf4.sdf
2023-10-15 16:10:25.443 [INFO    :      IOHandlers:line 95  ] - Process "anneal" completed in 0:01:42.384011

