2023-10-16 02:47:34.085 [INFO    :        topology:line 96  ] - Loading serialized SDF Topology from wasp_sims/paam_modified/Espaloma-AM1-BCC/conf4/paam_modified_solv_water_TIP3P.sdf
2023-10-16 02:47:50.894 [INFO    :      parameters:line 2993] - Attempting to up-convert Electrostatics section from 0.3 to 0.4
2023-10-16 02:47:50.896 [INFO    :      parameters:line 3003] - Successfully up-converted Electrostatics section from 0.3 to 0.4. `method="PME"` is now split into `periodic_potential="Ewald3D-ConductingBoundary"`, `nonperiodic_potential="Coulomb"`, and `exception_potential="Coulomb"`.
2023-10-16 02:49:28.443 [INFO    :       execution:line 38  ] - Initializing simulation 1/2 ("equilibration")
2023-10-16 02:49:28.469 [INFO    :          thermo:line 92  ] - Created MonteCarloBarostat Force(s) for NPT (Isothermal-isobaric) ensemble
2023-10-16 02:49:28.469 [INFO    :     preparation:line 32  ] - Added MonteCarloBarostat Force to System
2023-10-16 02:49:28.471 [INFO    :          thermo:line 83  ] - Created LangevinMiddleIntegrator for NPT (Isothermal-isobaric) ensemble
2023-10-16 02:49:29.208 [INFO    :       reporters:line 127 ] - Prepared DCDReporter which reports to wasp_sims/paam_modified/Espaloma-AM1-BCC/conf4/equilibration/equilibration_trajectory.dcd
2023-10-16 02:49:29.209 [INFO    :       reporters:line 127 ] - Prepared CheckpointReporter which reports to wasp_sims/paam_modified/Espaloma-AM1-BCC/conf4/equilibration/equilibration_checkpoint.chk
2023-10-16 02:49:29.210 [INFO    :       reporters:line 127 ] - Prepared StateReporter which reports to wasp_sims/paam_modified/Espaloma-AM1-BCC/conf4/equilibration/equilibration_state.xml
2023-10-16 02:49:29.213 [INFO    :       reporters:line 127 ] - Prepared StateDataReporter which reports to wasp_sims/paam_modified/Espaloma-AM1-BCC/conf4/equilibration/equilibration_state_data.csv
2023-10-16 02:49:29.213 [INFO    :     preparation:line 62  ] - Setting positions in Context
2023-10-16 02:49:29.239 [INFO    :       execution:line 52  ] - Performing energy minimization (initial PE = 619708.860239598 kJ/mol)
2023-10-16 02:50:07.476 [INFO    :       execution:line 54  ] - Energy successfully minimized (final PE = -718636.139760402 kJ/mol)
2023-10-16 02:50:08.185 [INFO    :       execution:line 57  ] - Saved energy-minimized Simulation Topology at wasp_sims/paam_modified/Espaloma-AM1-BCC/conf4/equilibration/equilibration_topology.pdb
2023-10-16 02:50:08.969 [INFO    :       execution:line 60  ] - Saved serialized Simulation System at wasp_sims/paam_modified/Espaloma-AM1-BCC/conf4/equilibration/equilibration_system.xml
2023-10-16 02:50:08.970 [INFO    :       execution:line 62  ] - Integrating 50 ps OpenMM Simulation for 25000 steps
2023-10-16 02:52:34.423 [INFO    :       execution:line 64  ] - Simulation integration completed successfully
2023-10-16 02:52:34.425 [INFO    :       execution:line 65  ] - 
2023-10-16 02:52:34.429 [INFO    :       execution:line 38  ] - Initializing simulation 2/2 ("production")
2023-10-16 02:52:34.460 [INFO    :          thermo:line 83  ] - Created LangevinMiddleIntegrator for NVT (Canonical) ensemble
2023-10-16 02:52:35.153 [INFO    :       reporters:line 127 ] - Prepared DCDReporter which reports to wasp_sims/paam_modified/Espaloma-AM1-BCC/conf4/production/production_trajectory.dcd
2023-10-16 02:52:35.155 [INFO    :       reporters:line 127 ] - Prepared CheckpointReporter which reports to wasp_sims/paam_modified/Espaloma-AM1-BCC/conf4/production/production_checkpoint.chk
2023-10-16 02:52:35.156 [INFO    :       reporters:line 127 ] - Prepared StateReporter which reports to wasp_sims/paam_modified/Espaloma-AM1-BCC/conf4/production/production_state.xml
2023-10-16 02:52:35.159 [INFO    :       reporters:line 127 ] - Prepared StateDataReporter which reports to wasp_sims/paam_modified/Espaloma-AM1-BCC/conf4/production/production_state_data.csv
2023-10-16 02:52:35.159 [INFO    :     preparation:line 62  ] - Setting positions in Context
2023-10-16 02:52:35.191 [INFO    :       execution:line 52  ] - Performing energy minimization (initial PE = -582060.139760402 kJ/mol)
2023-10-16 02:53:05.776 [INFO    :       execution:line 54  ] - Energy successfully minimized (final PE = -729884.389760402 kJ/mol)
2023-10-16 02:53:06.452 [INFO    :       execution:line 57  ] - Saved energy-minimized Simulation Topology at wasp_sims/paam_modified/Espaloma-AM1-BCC/conf4/production/production_topology.pdb
2023-10-16 02:53:07.228 [INFO    :       execution:line 60  ] - Saved serialized Simulation System at wasp_sims/paam_modified/Espaloma-AM1-BCC/conf4/production/production_system.xml
2023-10-16 02:53:07.229 [INFO    :       execution:line 62  ] - Integrating 100 ns OpenMM Simulation for 50000000 steps
2023-10-16 13:25:14.996 [INFO    :       execution:line 64  ] - Simulation integration completed successfully
2023-10-16 13:25:14.999 [INFO    :       execution:line 65  ] - 
